Using pre-set license
Built from '2021.3/staging' branch; Version is '2021.3.19f1 (c9714fde33b6) revision 13201743'; Using compiler version '192829333'; Build Type 'Release'
OS: 'Windows 11  (10.0.22621) 64bit Core' Language: 'en' Physical Memory: 16068 MB
BatchMode: 1, IsHumanControllingUs: 0, StartBugReporterOnCrash: 0, Is64bit: 1, IsPro: 1

COMMAND LINE ARGUMENTS:
C:\Program Files\Unity\Hub\Editor\2021.3.19f1\Editor\Unity.exe
-adb2
-batchMode
-noUpm
-name
AssetImportWorker8
-projectPath
C:/Users/joysk/SurvivalHorrorGame
-logFile
Logs/AssetImportWorker8.log
-srvPort
52587
Successfully changed project path to: C:/Users/joysk/SurvivalHorrorGame
C:/Users/joysk/SurvivalHorrorGame
[UnityMemory] Configuration Parameters - Can be set up in boot.config
    "memorysetup-bucket-allocator-granularity=16"
    "memorysetup-bucket-allocator-bucket-count=8"
    "memorysetup-bucket-allocator-block-size=33554432"
    "memorysetup-bucket-allocator-block-count=8"
    "memorysetup-main-allocator-block-size=16777216"
    "memorysetup-thread-allocator-block-size=16777216"
    "memorysetup-gfx-main-allocator-block-size=16777216"
    "memorysetup-gfx-thread-allocator-block-size=16777216"
    "memorysetup-cache-allocator-block-size=4194304"
    "memorysetup-typetree-allocator-block-size=2097152"
    "memorysetup-profiler-bucket-allocator-granularity=16"
    "memorysetup-profiler-bucket-allocator-bucket-count=8"
    "memorysetup-profiler-bucket-allocator-block-size=33554432"
    "memorysetup-profiler-bucket-allocator-block-count=8"
    "memorysetup-profiler-allocator-block-size=16777216"
    "memorysetup-profiler-editor-allocator-block-size=1048576"
    "memorysetup-temp-allocator-size-main=16777216"
    "memorysetup-job-temp-allocator-block-size=2097152"
    "memorysetup-job-temp-allocator-block-size-background=1048576"
    "memorysetup-job-temp-allocator-reduction-small-platforms=262144"
    "memorysetup-temp-allocator-size-background-worker=32768"
    "memorysetup-temp-allocator-size-job-worker=262144"
    "memorysetup-temp-allocator-size-preload-manager=33554432"
    "memorysetup-temp-allocator-size-nav-mesh-worker=65536"
    "memorysetup-temp-allocator-size-audio-worker=65536"
    "memorysetup-temp-allocator-size-cloud-worker=32768"
    "memorysetup-temp-allocator-size-gi-baking-worker=262144"
    "memorysetup-temp-allocator-size-gfx=262144"
Player connection [33572] Host "[IP] 192.168.1.2 [Port] 0 [Flags] 2 [Guid] 1509040986 [EditorId] 1509040986 [Version] 1048832 [Id] WindowsEditor(7,Joy) [Debug] 1 [PackageName] WindowsEditor [ProjectName] Editor" joined multi-casting on [225.0.0.222:54997]...

Player connection [33572] Host "[IP] 192.168.1.2 [Port] 0 [Flags] 2 [Guid] 1509040986 [EditorId] 1509040986 [Version] 1048832 [Id] WindowsEditor(7,Joy) [Debug] 1 [PackageName] WindowsEditor [ProjectName] Editor" joined alternative multi-casting on [225.0.0.222:34997]...

Refreshing native plugins compatible for Editor in 63.15 ms, found 3 plugins.
Preloading 0 native plugins for Editor in 0.00 ms.
Initialize engine version: 2021.3.19f1 (c9714fde33b6)
[Subsystems] Discovering subsystems at path C:/Program Files/Unity/Hub/Editor/2021.3.19f1/Editor/Data/Resources/UnitySubsystems
[Subsystems] Discovering subsystems at path C:/Users/joysk/SurvivalHorrorGame/Assets
GfxDevice: creating device client; threaded=0; jobified=0
Direct3D:
    Version:  Direct3D 11.0 [level 11.1]
    Renderer: NVIDIA GeForce RTX 3050 Laptop GPU (ID=0x25e2)
    Vendor:   NVIDIA
    VRAM:     3977 MB
    Driver:   31.0.15.3640
Initialize mono
Mono path[0] = 'C:/Program Files/Unity/Hub/Editor/2021.3.19f1/Editor/Data/Managed'
Mono path[1] = 'C:/Program Files/Unity/Hub/Editor/2021.3.19f1/Editor/Data/MonoBleedingEdge/lib/mono/unityjit-win32'
Mono config path = 'C:/Program Files/Unity/Hub/Editor/2021.3.19f1/Editor/Data/MonoBleedingEdge/etc'
Using monoOptions --debugger-agent=transport=dt_socket,embedding=1,server=y,suspend=n,address=127.0.0.1:56040
Begin MonoManager ReloadAssembly
Registering precompiled unity dll's ...
Register platform support module: C:/Program Files/Unity/Hub/Editor/2021.3.19f1/Editor/Data/PlaybackEngines/WebGLSupport/UnityEditor.WebGL.Extensions.dll
Register platform support module: C:/Program Files/Unity/Hub/Editor/2021.3.19f1/Editor/Data/PlaybackEngines/WindowsStandaloneSupport/UnityEditor.WindowsStandalone.Extensions.dll
Registered in 0.004821 seconds.
Native extension for WindowsStandalone target not found
Native extension for WebGL target not found
Refreshing native plugins compatible for Editor in 55.75 ms, found 3 plugins.
Preloading 0 native plugins for Editor in 0.00 ms.
Mono: successfully reloaded assembly
- Completed reload, in  0.534 seconds
Domain Reload Profiling:
	ReloadAssembly (535ms)
		BeginReloadAssembly (59ms)
			ExecutionOrderSort (0ms)
			DisableScriptedObjects (0ms)
			BackupInstance (0ms)
			ReleaseScriptingObjects (0ms)
			CreateAndSetChildDomain (1ms)
		EndReloadAssembly (382ms)
			LoadAssemblies (57ms)
			RebuildTransferFunctionScriptingTraits (0ms)
			SetupTypeCache (93ms)
			ReleaseScriptCaches (0ms)
			RebuildScriptCaches (23ms)
			SetupLoadedEditorAssemblies (227ms)
				LogAssemblyErrors (0ms)
				InitializePlatformSupportModulesInManaged (7ms)
				SetLoadedEditorAssemblies (0ms)
				RefreshPlugins (56ms)
				BeforeProcessingInitializeOnLoad (1ms)
				ProcessInitializeOnLoadAttributes (125ms)
				ProcessInitializeOnLoadMethodAttributes (38ms)
				AfterProcessingInitializeOnLoad (0ms)
				EditorAssembliesLoaded (0ms)
			ExecutionOrderSort2 (0ms)
			AwakeInstancesAfterBackupRestoration (0ms)
Platform modules already initialized, skipping
Registering precompiled user dll's ...
Registered in 0.005004 seconds.
Begin MonoManager ReloadAssembly
Symbol file LoadedFromMemory doesn't match image C:\Users\joysk\SurvivalHorrorGame\Library\PackageCache\com.unity.visualscripting@1.8.0\Editor\VisualScripting.Core\Dependencies\YamlDotNet\Unity.VisualScripting.YamlDotNet.dll
Symbol file LoadedFromMemory doesn't match image C:\Users\joysk\SurvivalHorrorGame\Library\PackageCache\com.unity.visualscripting@1.8.0\Editor\VisualScripting.Core\Dependencies\DotNetZip\Unity.VisualScripting.IonicZip.dll
Native extension for WindowsStandalone target not found
Native extension for WebGL target not found
Refreshing native plugins compatible for Editor in 0.39 ms, found 3 plugins.
Preloading 0 native plugins for Editor in 0.00 ms.
Mono: successfully reloaded assembly
- Completed reload, in  0.799 seconds
Domain Reload Profiling:
	ReloadAssembly (800ms)
		BeginReloadAssembly (92ms)
			ExecutionOrderSort (0ms)
			DisableScriptedObjects (6ms)
			BackupInstance (0ms)
			ReleaseScriptingObjects (0ms)
			CreateAndSetChildDomain (17ms)
		EndReloadAssembly (608ms)
			LoadAssemblies (60ms)
			RebuildTransferFunctionScriptingTraits (0ms)
			SetupTypeCache (218ms)
			ReleaseScriptCaches (0ms)
			RebuildScriptCaches (40ms)
			SetupLoadedEditorAssemblies (258ms)
				LogAssemblyErrors (0ms)
				InitializePlatformSupportModulesInManaged (5ms)
				SetLoadedEditorAssemblies (0ms)
				RefreshPlugins (0ms)
				BeforeProcessingInitializeOnLoad (55ms)
				ProcessInitializeOnLoadAttributes (180ms)
				ProcessInitializeOnLoadMethodAttributes (13ms)
				AfterProcessingInitializeOnLoad (4ms)
				EditorAssembliesLoaded (0ms)
			ExecutionOrderSort2 (0ms)
			AwakeInstancesAfterBackupRestoration (4ms)
Platform modules already initialized, skipping
========================================================================
Worker process is ready to serve import requests
Launched and connected shader compiler UnityShaderCompiler.exe after 0.05 seconds
Refreshing native plugins compatible for Editor in 0.66 ms, found 3 plugins.
Preloading 0 native plugins for Editor in 0.00 ms.
Unloading 3110 Unused Serialized files (Serialized files now loaded: 0)
Unloading 22 unused Assets / (56.7 KB). Loaded Objects now: 3585.
Memory consumption went from 186.0 MB to 185.9 MB.
Total: 4.353600 ms (FindLiveObjects: 0.374600 ms CreateObjectMapping: 0.185700 ms MarkObjects: 3.676600 ms  DeleteObjects: 0.114600 ms)

AssetImportParameters requested are different than current active one (requested -> active):
  custom:video-decoder-ogg-theora: a1e56fd34408186e4bbccfd4996cb3dc -> 
  custom:container-muxer-webm: aa71ff27fc2769a1b78a27578f13a17b -> 
  custom:container-demuxer-webm: 4f35f7cbe854078d1ac9338744f61a02 -> 
  custom:video-encoder-webm-vp8: eb34c28f22e8b96e1ab97ce403110664 -> 
  custom:video-codec-MediaFoundation-h265: 746d11721c4dcdbdad8f713fa42b33f4 -> 
  custom:audio-encoder-webm-vorbis: bf7c407c2cedff20999df2af8eb42d56 -> 
  custom:framework-win-MediaFoundation: 216162199b28c13a410421893ffa2e32 -> 
  custom:container-demuxer-ogg: 62fdf1f143b41e24485cea50d1cbac27 -> 
  custom:video-decoder-webm-vp8: 9c59270c3fd7afecdb556c50c9e8de78 -> 
  custom:audio-decoder-ogg-vorbis: bf7c407c2cedff20999df2af8eb42d56 -> 
========================================================================
Received Import Request.
  Time since last request: 52160.727116 seconds.
  path: Assets/Door, Cabinet and Locker Sound Pack (Free)/FREE VERSION
  artifactKey: Guid(3c756c8a7ad0e4aa48e0970e9fedac7e) Importer(815301076,1909f56bfc062723c751e8b465ee728b)
Start importing Assets/Door, Cabinet and Locker Sound Pack (Free)/FREE VERSION using Guid(3c756c8a7ad0e4aa48e0970e9fedac7e) Importer(815301076,1909f56bfc062723c751e8b465ee728b)  -> (artifact id: '0e21ec5ec2c212b3871171e1fd41af9c') in 0.012612 seconds 
========================================================================
Received Import Request.
  Time since last request: 0.095770 seconds.
  path: Assets/Door, Cabinet and Locker Sound Pack (Free)/FREE VERSION/Call Classic Old Lift Elevator Button With Ride 1.wav
  artifactKey: Guid(ac5da0944e6824ac3b49a8e93e7bb499) Importer(815301076,1909f56bfc062723c751e8b465ee728b)
Start importing Assets/Door, Cabinet and Locker Sound Pack (Free)/FREE VERSION/Call Classic Old Lift Elevator Button With Ride 1.wav using Guid(ac5da0944e6824ac3b49a8e93e7bb499) Importer(815301076,1909f56bfc062723c751e8b465ee728b)  -> (artifact id: 'ecdf9cd15731cb3220fe76bffb4b65d4') in 0.165145 seconds 
========================================================================
Received Import Request.
  Time since last request: 0.000034 seconds.
  path: Assets/Door, Cabinet and Locker Sound Pack (Free)/FREE VERSION/Unlock 1.wav
  artifactKey: Guid(c70d84ab81270450ca59ba4554ce5a6d) Importer(815301076,1909f56bfc062723c751e8b465ee728b)
Start importing Assets/Door, Cabinet and Locker Sound Pack (Free)/FREE VERSION/Unlock 1.wav using Guid(c70d84ab81270450ca59ba4554ce5a6d) Importer(815301076,1909f56bfc062723c751e8b465ee728b)  -> (artifact id: 'b2d0eca23d9d8284402e7ea902f867d3') in 0.022321 seconds 
========================================================================
Received Import Request.
  Time since last request: 0.000042 seconds.
  path: Assets/Door, Cabinet and Locker Sound Pack (Free)/FREE VERSION/Close Cabinet Cupboard 1.wav
  artifactKey: Guid(eeb40c82002604d4080b1810e3a3cd21) Importer(815301076,1909f56bfc062723c751e8b465ee728b)
Start importing Assets/Door, Cabinet and Locker Sound Pack (Free)/FREE VERSION/Close Cabinet Cupboard 1.wav using Guid(eeb40c82002604d4080b1810e3a3cd21) Importer(815301076,1909f56bfc062723c751e8b465ee728b)  -> (artifact id: '55387a9ef54a943d2fcb6867b7dbb620') in 0.016442 seconds 
========================================================================
Received Import Request.
  Time since last request: 0.000032 seconds.
  path: Assets/Door, Cabinet and Locker Sound Pack (Free)/FREE VERSION/Open and Close Door 4.wav
  artifactKey: Guid(78ca588b675154e31acc4739fca72e29) Importer(815301076,1909f56bfc062723c751e8b465ee728b)
Start importing Assets/Door, Cabinet and Locker Sound Pack (Free)/FREE VERSION/Open and Close Door 4.wav using Guid(78ca588b675154e31acc4739fca72e29) Importer(815301076,1909f56bfc062723c751e8b465ee728b)  -> (artifact id: 'cbd4f26548c38ede0ba3f5e072dee48b') in 0.020248 seconds 
========================================================================
Received Import Request.
  Time since last request: 0.000025 seconds.
  path: Assets/Door, Cabinet and Locker Sound Pack (Free)/FREE VERSION/Close Door 2.wav
  artifactKey: Guid(c52f0b0e644464ca0b066d80091a5c8f) Importer(815301076,1909f56bfc062723c751e8b465ee728b)
Start importing Assets/Door, Cabinet and Locker Sound Pack (Free)/FREE VERSION/Close Door 2.wav using Guid(c52f0b0e644464ca0b066d80091a5c8f) Importer(815301076,1909f56bfc062723c751e8b465ee728b)  -> (artifact id: 'ad0419e930261f3857c983c39260dd25') in 0.015922 seconds 
========================================================================
Received Import Request.
  Time since last request: 0.000027 seconds.
  path: Assets/Door, Cabinet and Locker Sound Pack (Free)/FREE VERSION/Creaking Door Close 2.wav
  artifactKey: Guid(0e51a025b26f447899806456285868bc) Importer(815301076,1909f56bfc062723c751e8b465ee728b)
Start importing Assets/Door, Cabinet and Locker Sound Pack (Free)/FREE VERSION/Creaking Door Close 2.wav using Guid(0e51a025b26f447899806456285868bc) Importer(815301076,1909f56bfc062723c751e8b465ee728b)  -> (artifact id: '71c1612f887363138862c3cbb5ecf1ba') in 0.016692 seconds 
========================================================================
Received Import Request.
  Time since last request: 0.000027 seconds.
  path: Assets/Door, Cabinet and Locker Sound Pack (Free)/FREE VERSION/Unlock 3.wav
  artifactKey: Guid(dd532fdb2a61e4cc5bc727f3b32a69a8) Importer(815301076,1909f56bfc062723c751e8b465ee728b)
Start importing Assets/Door, Cabinet and Locker Sound Pack (Free)/FREE VERSION/Unlock 3.wav using Guid(dd532fdb2a61e4cc5bc727f3b32a69a8) Importer(815301076,1909f56bfc062723c751e8b465ee728b)  -> (artifact id: '4c0cf733fb649bb8e5eefd4b8cf41f1a') in 0.017740 seconds 
========================================================================
Received Import Request.
  Time since last request: 0.000025 seconds.
  path: Assets/Door, Cabinet and Locker Sound Pack (Free)/FREE VERSION/Open Door 13.wav
  artifactKey: Guid(4b66f0c5f1c594a6e9d91b86f719108c) Importer(815301076,1909f56bfc062723c751e8b465ee728b)
Start importing Assets/Door, Cabinet and Locker Sound Pack (Free)/FREE VERSION/Open Door 13.wav using Guid(4b66f0c5f1c594a6e9d91b86f719108c) Importer(815301076,1909f56bfc062723c751e8b465ee728b)  -> (artifact id: '05648fba26aa6acf3170c2fe3549be1d') in 0.013207 seconds 
========================================================================
Received Import Request.
  Time since last request: 0.000028 seconds.
  path: Assets/Door, Cabinet and Locker Sound Pack (Free)/FREE VERSION/Open Door 31.wav
  artifactKey: Guid(d0870c964a2354d8094ce31e769a7290) Importer(815301076,1909f56bfc062723c751e8b465ee728b)
Start importing Assets/Door, Cabinet and Locker Sound Pack (Free)/FREE VERSION/Open Door 31.wav using Guid(d0870c964a2354d8094ce31e769a7290) Importer(815301076,1909f56bfc062723c751e8b465ee728b)  -> (artifact id: '5b6d3746d863117d7638a22cff3830f1') in 0.012702 seconds 
========================================================================
Received Import Request.
  Time since last request: 0.000026 seconds.
  path: Assets/Door, Cabinet and Locker Sound Pack (Free)/FREE VERSION/Locked Door 2.wav
  artifactKey: Guid(cfb34fff51b0847e599e6831ba854864) Importer(815301076,1909f56bfc062723c751e8b465ee728b)
Start importing Assets/Door, Cabinet and Locker Sound Pack (Free)/FREE VERSION/Locked Door 2.wav using Guid(cfb34fff51b0847e599e6831ba854864) Importer(815301076,1909f56bfc062723c751e8b465ee728b)  -> (artifact id: '9b90916e0709c89e2b2f4965a70e1daf') in 0.016676 seconds 
========================================================================
Received Import Request.
  Time since last request: 0.000025 seconds.
  path: Assets/Door, Cabinet and Locker Sound Pack (Free)/FREE VERSION/Open Door 24.wav
  artifactKey: Guid(6cc4537865ae1479b9e7ac12ab172909) Importer(815301076,1909f56bfc062723c751e8b465ee728b)
Start importing Assets/Door, Cabinet and Locker Sound Pack (Free)/FREE VERSION/Open Door 24.wav using Guid(6cc4537865ae1479b9e7ac12ab172909) Importer(815301076,1909f56bfc062723c751e8b465ee728b)  -> (artifact id: '89c90a2df25c97cfffe39023a6c9094f') in 0.026965 seconds 
========================================================================
Received Import Request.
  Time since last request: 0.000027 seconds.
  path: Assets/Door, Cabinet and Locker Sound Pack (Free)/FREE VERSION/Close Door 6.wav
  artifactKey: Guid(0210c1127dd754ced9c723f73428cc1c) Importer(815301076,1909f56bfc062723c751e8b465ee728b)
Start importing Assets/Door, Cabinet and Locker Sound Pack (Free)/FREE VERSION/Close Door 6.wav using Guid(0210c1127dd754ced9c723f73428cc1c) Importer(815301076,1909f56bfc062723c751e8b465ee728b)  -> (artifact id: 'd4d94da3ab2fb1d489fac25d48ffe30c') in 0.014053 seconds 
========================================================================
Received Import Request.
  Time since last request: 0.000034 seconds.
  path: Assets/Door, Cabinet and Locker Sound Pack (Free)/FREE VERSION/Locked Door Turn Doorknob 6.wav
  artifactKey: Guid(6ed0f8509e9e44272a85f74fdc61879b) Importer(815301076,1909f56bfc062723c751e8b465ee728b)
Start importing Assets/Door, Cabinet and Locker Sound Pack (Free)/FREE VERSION/Locked Door Turn Doorknob 6.wav using Guid(6ed0f8509e9e44272a85f74fdc61879b) Importer(815301076,1909f56bfc062723c751e8b465ee728b)  -> (artifact id: '6e89c98e620c6cbb6f08e1ce062fa131') in 0.016764 seconds 
========================================================================
Received Import Request.
  Time since last request: 0.000045 seconds.
  path: Assets/Door, Cabinet and Locker Sound Pack (Free)/FREE VERSION/Open Door 7.wav
  artifactKey: Guid(a200ceb3276a64815ba89e6db4488604) Importer(815301076,1909f56bfc062723c751e8b465ee728b)
Start importing Assets/Door, Cabinet and Locker Sound Pack (Free)/FREE VERSION/Open Door 7.wav using Guid(a200ceb3276a64815ba89e6db4488604) Importer(815301076,1909f56bfc062723c751e8b465ee728b)  -> (artifact id: '79870619372954bd028a3fa8a20261da') in 0.013898 seconds 
========================================================================
Received Import Request.
  Time since last request: 0.000029 seconds.
  path: Assets/Door, Cabinet and Locker Sound Pack (Free)/FREE VERSION/Close Door 23.wav
  artifactKey: Guid(898f03a7c6c254aa2bffc1050c10ea08) Importer(815301076,1909f56bfc062723c751e8b465ee728b)
Start importing Assets/Door, Cabinet and Locker Sound Pack (Free)/FREE VERSION/Close Door 23.wav using Guid(898f03a7c6c254aa2bffc1050c10ea08) Importer(815301076,1909f56bfc062723c751e8b465ee728b)  -> (artifact id: 'a9f3b37d87ea43ad43e8189d104b4138') in 0.014098 seconds 
Editor requested this worker to shutdown with reason: Scaling down because of idle timeout
AssetImportWorker is now disconnected from the server
Process exiting
Exiting without the bug reporter. Application will terminate with return code 0