Using pre-set license
Built from '2021.3/staging' branch; Version is '2021.3.19f1 (c9714fde33b6) revision 13201743'; Using compiler version '192829333'; Build Type 'Release'
OS: 'Windows 10  (10.0.19045) 64bit Professional' Language: 'en' Physical Memory: 14284 MB
BatchMode: 1, IsHumanControllingUs: 0, StartBugReporterOnCrash: 0, Is64bit: 1, IsPro: 1

COMMAND LINE ARGUMENTS:
C:\Program Files\Unity\Hub\Editor\2021.3.19f1\Editor\Unity.exe
-adb2
-batchMode
-noUpm
-name
AssetImportWorker1
-projectPath
C:/Users/Joys Pc/Downloads/HospitalSurvivalGame-main/HospitalSurvivalGame-main
-logFile
Logs/AssetImportWorker1.log
-srvPort
50006
Successfully changed project path to: C:/Users/Joys Pc/Downloads/HospitalSurvivalGame-main/HospitalSurvivalGame-main
C:/Users/Joys Pc/Downloads/HospitalSurvivalGame-main/HospitalSurvivalGame-main
[UnityMemory] Configuration Parameters - Can be set up in boot.config
    "memorysetup-bucket-allocator-granularity=16"
    "memorysetup-bucket-allocator-bucket-count=8"
    "memorysetup-bucket-allocator-block-size=33554432"
    "memorysetup-bucket-allocator-block-count=8"
    "memorysetup-main-allocator-block-size=16777216"
    "memorysetup-thread-allocator-block-size=16777216"
    "memorysetup-gfx-main-allocator-block-size=16777216"
    "memorysetup-gfx-thread-allocator-block-size=16777216"
    "memorysetup-cache-allocator-block-size=4194304"
    "memorysetup-typetree-allocator-block-size=2097152"
    "memorysetup-profiler-bucket-allocator-granularity=16"
    "memorysetup-profiler-bucket-allocator-bucket-count=8"
    "memorysetup-profiler-bucket-allocator-block-size=33554432"
    "memorysetup-profiler-bucket-allocator-block-count=8"
    "memorysetup-profiler-allocator-block-size=16777216"
    "memorysetup-profiler-editor-allocator-block-size=1048576"
    "memorysetup-temp-allocator-size-main=16777216"
    "memorysetup-job-temp-allocator-block-size=2097152"
    "memorysetup-job-temp-allocator-block-size-background=1048576"
    "memorysetup-job-temp-allocator-reduction-small-platforms=262144"
    "memorysetup-temp-allocator-size-background-worker=32768"
    "memorysetup-temp-allocator-size-job-worker=262144"
    "memorysetup-temp-allocator-size-preload-manager=33554432"
    "memorysetup-temp-allocator-size-nav-mesh-worker=65536"
    "memorysetup-temp-allocator-size-audio-worker=65536"
    "memorysetup-temp-allocator-size-cloud-worker=32768"
    "memorysetup-temp-allocator-size-gi-baking-worker=262144"
    "memorysetup-temp-allocator-size-gfx=262144"
Player connection [3280] Host "[IP] 192.168.1.39 [Port] 0 [Flags] 2 [Guid] 2408329340 [EditorId] 2408329340 [Version] 1048832 [Id] WindowsEditor(7,DESKTOP-K5TI6LI) [Debug] 1 [PackageName] WindowsEditor [ProjectName] Editor" joined multi-casting on [225.0.0.222:54997]...

Player connection [3280] Host "[IP] 192.168.1.39 [Port] 0 [Flags] 2 [Guid] 2408329340 [EditorId] 2408329340 [Version] 1048832 [Id] WindowsEditor(7,DESKTOP-K5TI6LI) [Debug] 1 [PackageName] WindowsEditor [ProjectName] Editor" joined alternative multi-casting on [225.0.0.222:34997]...

Refreshing native plugins compatible for Editor in 98.70 ms, found 3 plugins.
Preloading 0 native plugins for Editor in 0.00 ms.
Initialize engine version: 2021.3.19f1 (c9714fde33b6)
[Subsystems] Discovering subsystems at path C:/Program Files/Unity/Hub/Editor/2021.3.19f1/Editor/Data/Resources/UnitySubsystems
[Subsystems] Discovering subsystems at path C:/Users/Joys Pc/Downloads/HospitalSurvivalGame-main/HospitalSurvivalGame-main/Assets
GfxDevice: creating device client; threaded=0; jobified=0
Direct3D:
    Version:  Direct3D 11.0 [level 11.1]
    Renderer: AMD Radeon(TM) Vega 11 Graphics (ID=0x15d8)
    Vendor:   ATI
    VRAM:     7142 MB
    Driver:   31.0.12024.0
Initialize mono
Mono path[0] = 'C:/Program Files/Unity/Hub/Editor/2021.3.19f1/Editor/Data/Managed'
Mono path[1] = 'C:/Program Files/Unity/Hub/Editor/2021.3.19f1/Editor/Data/MonoBleedingEdge/lib/mono/unityjit-win32'
Mono config path = 'C:/Program Files/Unity/Hub/Editor/2021.3.19f1/Editor/Data/MonoBleedingEdge/etc'
Using monoOptions --debugger-agent=transport=dt_socket,embedding=1,server=y,suspend=n,address=127.0.0.1:56608
Begin MonoManager ReloadAssembly
Registering precompiled unity dll's ...
Register platform support module: C:/Program Files/Unity/Hub/Editor/2021.3.19f1/Editor/Data/PlaybackEngines/WebGLSupport/UnityEditor.WebGL.Extensions.dll
Register platform support module: C:/Program Files/Unity/Hub/Editor/2021.3.19f1/Editor/Data/PlaybackEngines/WindowsStandaloneSupport/UnityEditor.WindowsStandalone.Extensions.dll
Registered in 0.013591 seconds.
Native extension for WindowsStandalone target not found
Native extension for WebGL target not found
Refreshing native plugins compatible for Editor in 91.42 ms, found 3 plugins.
Preloading 0 native plugins for Editor in 0.00 ms.
Mono: successfully reloaded assembly
- Completed reload, in  0.865 seconds
Domain Reload Profiling:
	ReloadAssembly (866ms)
		BeginReloadAssembly (113ms)
			ExecutionOrderSort (0ms)
			DisableScriptedObjects (0ms)
			BackupInstance (0ms)
			ReleaseScriptingObjects (0ms)
			CreateAndSetChildDomain (1ms)
		EndReloadAssembly (581ms)
			LoadAssemblies (109ms)
			RebuildTransferFunctionScriptingTraits (0ms)
			SetupTypeCache (149ms)
			ReleaseScriptCaches (0ms)
			RebuildScriptCaches (40ms)
			SetupLoadedEditorAssemblies (319ms)
				LogAssemblyErrors (0ms)
				InitializePlatformSupportModulesInManaged (14ms)
				SetLoadedEditorAssemblies (0ms)
				RefreshPlugins (92ms)
				BeforeProcessingInitializeOnLoad (2ms)
				ProcessInitializeOnLoadAttributes (157ms)
				ProcessInitializeOnLoadMethodAttributes (53ms)
				AfterProcessingInitializeOnLoad (0ms)
				EditorAssembliesLoaded (0ms)
			ExecutionOrderSort2 (0ms)
			AwakeInstancesAfterBackupRestoration (0ms)
Platform modules already initialized, skipping
Registering precompiled user dll's ...
Registered in 0.007676 seconds.
Begin MonoManager ReloadAssembly
Symbol file LoadedFromMemory doesn't match image C:\Users\Joys Pc\Downloads\HospitalSurvivalGame-main\HospitalSurvivalGame-main\Library\PackageCache\com.unity.visualscripting@1.8.0\Editor\VisualScripting.Core\Dependencies\YamlDotNet\Unity.VisualScripting.YamlDotNet.dll
Symbol file LoadedFromMemory doesn't match image C:\Users\Joys Pc\Downloads\HospitalSurvivalGame-main\HospitalSurvivalGame-main\Library\PackageCache\com.unity.visualscripting@1.8.0\Editor\VisualScripting.Core\Dependencies\DotNetZip\Unity.VisualScripting.IonicZip.dll
Native extension for WindowsStandalone target not found
Native extension for WebGL target not found
Refreshing native plugins compatible for Editor in 0.66 ms, found 3 plugins.
Preloading 0 native plugins for Editor in 0.00 ms.
Mono: successfully reloaded assembly
- Completed reload, in  1.192 seconds
Domain Reload Profiling:
	ReloadAssembly (1193ms)
		BeginReloadAssembly (148ms)
			ExecutionOrderSort (0ms)
			DisableScriptedObjects (9ms)
			BackupInstance (0ms)
			ReleaseScriptingObjects (0ms)
			CreateAndSetChildDomain (28ms)
		EndReloadAssembly (902ms)
			LoadAssemblies (105ms)
			RebuildTransferFunctionScriptingTraits (0ms)
			SetupTypeCache (313ms)
			ReleaseScriptCaches (1ms)
			RebuildScriptCaches (63ms)
			SetupLoadedEditorAssemblies (386ms)
				LogAssemblyErrors (0ms)
				InitializePlatformSupportModulesInManaged (9ms)
				SetLoadedEditorAssemblies (1ms)
				RefreshPlugins (1ms)
				BeforeProcessingInitializeOnLoad (90ms)
				ProcessInitializeOnLoadAttributes (251ms)
				ProcessInitializeOnLoadMethodAttributes (23ms)
				AfterProcessingInitializeOnLoad (12ms)
				EditorAssembliesLoaded (0ms)
			ExecutionOrderSort2 (0ms)
			AwakeInstancesAfterBackupRestoration (7ms)
Platform modules already initialized, skipping
========================================================================
Worker process is ready to serve import requests
Launched and connected shader compiler UnityShaderCompiler.exe after 0.05 seconds
Refreshing native plugins compatible for Editor in 0.61 ms, found 3 plugins.
Preloading 0 native plugins for Editor in 0.00 ms.
Unloading 3115 Unused Serialized files (Serialized files now loaded: 0)
Unloading 22 unused Assets / (56.5 KB). Loaded Objects now: 3606.
Memory consumption went from 199.2 MB to 199.1 MB.
Total: 3.908500 ms (FindLiveObjects: 0.377300 ms CreateObjectMapping: 0.099500 ms MarkObjects: 3.302000 ms  DeleteObjects: 0.128100 ms)

AssetImportParameters requested are different than current active one (requested -> active):
  custom:video-decoder-ogg-theora: a1e56fd34408186e4bbccfd4996cb3dc -> 
  custom:container-muxer-webm: aa71ff27fc2769a1b78a27578f13a17b -> 
  custom:container-demuxer-webm: 4f35f7cbe854078d1ac9338744f61a02 -> 
  custom:video-encoder-webm-vp8: eb34c28f22e8b96e1ab97ce403110664 -> 
  custom:audio-encoder-webm-vorbis: bf7c407c2cedff20999df2af8eb42d56 -> 
  custom:framework-win-MediaFoundation: 216162199b28c13a410421893ffa2e32 -> 
  custom:container-demuxer-ogg: 62fdf1f143b41e24485cea50d1cbac27 -> 
  custom:video-decoder-webm-vp8: 9c59270c3fd7afecdb556c50c9e8de78 -> 
  custom:audio-decoder-ogg-vorbis: bf7c407c2cedff20999df2af8eb42d56 -> 
========================================================================
Received Import Request.
  Time since last request: 1307.018917 seconds.
  path: Assets/JJ_InteriorDoorPack_V1
  artifactKey: Guid(86c470a2b80c5564998eea1feea93d80) Importer(815301076,1909f56bfc062723c751e8b465ee728b)
Start importing Assets/JJ_InteriorDoorPack_V1 using Guid(86c470a2b80c5564998eea1feea93d80) Importer(815301076,1909f56bfc062723c751e8b465ee728b)  -> (artifact id: 'b38de83cec0c77e7cbbd0bf25c718874') in 0.019130 seconds 
========================================================================
Received Import Request.
  Time since last request: 172.621697 seconds.
  path: Assets/Pottery/prefabs/bowl2.prefab
  artifactKey: Guid(708bb8b9e96a373489183c5fc8782d7f) Importer(815301076,1909f56bfc062723c751e8b465ee728b)
Start importing Assets/Pottery/prefabs/bowl2.prefab using Guid(708bb8b9e96a373489183c5fc8782d7f) Importer(815301076,1909f56bfc062723c751e8b465ee728b)  -> (artifact id: '3b32f93a9e6b98e0620254c61d023511') in 0.226270 seconds 
========================================================================
Received Import Request.
  Time since last request: 0.000072 seconds.
  path: Assets/Pottery/prefabs/vase_broken2.prefab
  artifactKey: Guid(f8410ca799f99b44da9a0ba5806b3daa) Importer(815301076,1909f56bfc062723c751e8b465ee728b)
Start importing Assets/Pottery/prefabs/vase_broken2.prefab using Guid(f8410ca799f99b44da9a0ba5806b3daa) Importer(815301076,1909f56bfc062723c751e8b465ee728b)  -> (artifact id: '7dc87204ec19fb265cd3d269f1fdc46f') in 0.043043 seconds 
========================================================================
Received Import Request.
  Time since last request: 0.000088 seconds.
  path: Assets/Pottery/prefabs/plate2.prefab
  artifactKey: Guid(d8e9e6afd220aeb45a465dd5f55c2358) Importer(815301076,1909f56bfc062723c751e8b465ee728b)
Start importing Assets/Pottery/prefabs/plate2.prefab using Guid(d8e9e6afd220aeb45a465dd5f55c2358) Importer(815301076,1909f56bfc062723c751e8b465ee728b)  -> (artifact id: 'ad69c7181f3e5467483d4fb446842968') in 0.026716 seconds 
========================================================================
Received Import Request.
  Time since last request: 0.000047 seconds.
  path: Assets/Pottery/prefabs/plate.prefab
  artifactKey: Guid(5cb98dfdf3167e64898c12603668be05) Importer(815301076,1909f56bfc062723c751e8b465ee728b)
Start importing Assets/Pottery/prefabs/plate.prefab using Guid(5cb98dfdf3167e64898c12603668be05) Importer(815301076,1909f56bfc062723c751e8b465ee728b)  -> (artifact id: '1f17ace8f6dc544632b7b7df76a948a5') in 0.030408 seconds 
========================================================================
Received Import Request.
  Time since last request: 0.000049 seconds.
  path: Assets/Pottery/prefabs/vase2.prefab
  artifactKey: Guid(b2ebff9c14547254899d97fd7d09889e) Importer(815301076,1909f56bfc062723c751e8b465ee728b)
Start importing Assets/Pottery/prefabs/vase2.prefab using Guid(b2ebff9c14547254899d97fd7d09889e) Importer(815301076,1909f56bfc062723c751e8b465ee728b)  -> (artifact id: '71a2746ee7d68e5bc9882568659b42de') in 0.033126 seconds 
========================================================================
Received Import Request.
  Time since last request: 0.000097 seconds.
  path: Assets/Pottery/prefabs/vase_broken2.2.prefab
  artifactKey: Guid(f9ae48d2d3f0df041b68a6b8b8a207f5) Importer(815301076,1909f56bfc062723c751e8b465ee728b)
Start importing Assets/Pottery/prefabs/vase_broken2.2.prefab using Guid(f9ae48d2d3f0df041b68a6b8b8a207f5) Importer(815301076,1909f56bfc062723c751e8b465ee728b)  -> (artifact id: '769bcd99f4e38726077b4dabe79c4b58') in 0.031242 seconds 
========================================================================
Received Import Request.
  Time since last request: 0.000118 seconds.
  path: Assets/Pottery/prefabs/vase_broken1.2.prefab
  artifactKey: Guid(41298d6ce5522a04fb22545098022862) Importer(815301076,1909f56bfc062723c751e8b465ee728b)
Start importing Assets/Pottery/prefabs/vase_broken1.2.prefab using Guid(41298d6ce5522a04fb22545098022862) Importer(815301076,1909f56bfc062723c751e8b465ee728b)  -> (artifact id: '7b65fa900398e02e673b9e3f39f107ed') in 0.027899 seconds 
========================================================================
Received Import Request.
  Time since last request: 0.000103 seconds.
  path: Assets/Pottery/prefabs/vase1.2.prefab
  artifactKey: Guid(0f950dd0bf6f87e4397a7e775f7793bf) Importer(815301076,1909f56bfc062723c751e8b465ee728b)
Start importing Assets/Pottery/prefabs/vase1.2.prefab using Guid(0f950dd0bf6f87e4397a7e775f7793bf) Importer(815301076,1909f56bfc062723c751e8b465ee728b)  -> (artifact id: '21ed5a21c12178e2eab93a04a8852108') in 0.030312 seconds 
Editor requested this worker to shutdown with reason: Scaling down because of idle timeout
AssetImportWorker is now disconnected from the server
Process exiting
Exiting without the bug reporter. Application will terminate with return code 0