Using pre-set license
Built from '2021.3/staging' branch; Version is '2021.3.19f1 (c9714fde33b6) revision 13201743'; Using compiler version '192829333'; Build Type 'Release'
OS: 'Windows 11  (10.0.22621) 64bit Core' Language: 'en' Physical Memory: 16068 MB
BatchMode: 1, IsHumanControllingUs: 0, StartBugReporterOnCrash: 0, Is64bit: 1, IsPro: 1

COMMAND LINE ARGUMENTS:
C:\Program Files\Unity\Hub\Editor\2021.3.19f1\Editor\Unity.exe
-adb2
-batchMode
-noUpm
-name
AssetImportWorker6
-projectPath
C:/Users/joysk/SurvivalHorrorGame
-logFile
Logs/AssetImportWorker6.log
-srvPort
52587
Successfully changed project path to: C:/Users/joysk/SurvivalHorrorGame
C:/Users/joysk/SurvivalHorrorGame
[UnityMemory] Configuration Parameters - Can be set up in boot.config
    "memorysetup-bucket-allocator-granularity=16"
    "memorysetup-bucket-allocator-bucket-count=8"
    "memorysetup-bucket-allocator-block-size=33554432"
    "memorysetup-bucket-allocator-block-count=8"
    "memorysetup-main-allocator-block-size=16777216"
    "memorysetup-thread-allocator-block-size=16777216"
    "memorysetup-gfx-main-allocator-block-size=16777216"
    "memorysetup-gfx-thread-allocator-block-size=16777216"
    "memorysetup-cache-allocator-block-size=4194304"
    "memorysetup-typetree-allocator-block-size=2097152"
    "memorysetup-profiler-bucket-allocator-granularity=16"
    "memorysetup-profiler-bucket-allocator-bucket-count=8"
    "memorysetup-profiler-bucket-allocator-block-size=33554432"
    "memorysetup-profiler-bucket-allocator-block-count=8"
    "memorysetup-profiler-allocator-block-size=16777216"
    "memorysetup-profiler-editor-allocator-block-size=1048576"
    "memorysetup-temp-allocator-size-main=16777216"
    "memorysetup-job-temp-allocator-block-size=2097152"
    "memorysetup-job-temp-allocator-block-size-background=1048576"
    "memorysetup-job-temp-allocator-reduction-small-platforms=262144"
    "memorysetup-temp-allocator-size-background-worker=32768"
    "memorysetup-temp-allocator-size-job-worker=262144"
    "memorysetup-temp-allocator-size-preload-manager=33554432"
    "memorysetup-temp-allocator-size-nav-mesh-worker=65536"
    "memorysetup-temp-allocator-size-audio-worker=65536"
    "memorysetup-temp-allocator-size-cloud-worker=32768"
    "memorysetup-temp-allocator-size-gi-baking-worker=262144"
    "memorysetup-temp-allocator-size-gfx=262144"
Player connection [36744] Host "[IP] 192.168.1.2 [Port] 0 [Flags] 2 [Guid] 2372451156 [EditorId] 2372451156 [Version] 1048832 [Id] WindowsEditor(7,Joy) [Debug] 1 [PackageName] WindowsEditor [ProjectName] Editor" joined multi-casting on [225.0.0.222:54997]...

Player connection [36744] Host "[IP] 192.168.1.2 [Port] 0 [Flags] 2 [Guid] 2372451156 [EditorId] 2372451156 [Version] 1048832 [Id] WindowsEditor(7,Joy) [Debug] 1 [PackageName] WindowsEditor [ProjectName] Editor" joined alternative multi-casting on [225.0.0.222:34997]...

Refreshing native plugins compatible for Editor in 61.23 ms, found 3 plugins.
Preloading 0 native plugins for Editor in 0.00 ms.
Initialize engine version: 2021.3.19f1 (c9714fde33b6)
[Subsystems] Discovering subsystems at path C:/Program Files/Unity/Hub/Editor/2021.3.19f1/Editor/Data/Resources/UnitySubsystems
[Subsystems] Discovering subsystems at path C:/Users/joysk/SurvivalHorrorGame/Assets
GfxDevice: creating device client; threaded=0; jobified=0
Direct3D:
    Version:  Direct3D 11.0 [level 11.1]
    Renderer: NVIDIA GeForce RTX 3050 Laptop GPU (ID=0x25e2)
    Vendor:   NVIDIA
    VRAM:     3977 MB
    Driver:   31.0.15.3640
Initialize mono
Mono path[0] = 'C:/Program Files/Unity/Hub/Editor/2021.3.19f1/Editor/Data/Managed'
Mono path[1] = 'C:/Program Files/Unity/Hub/Editor/2021.3.19f1/Editor/Data/MonoBleedingEdge/lib/mono/unityjit-win32'
Mono config path = 'C:/Program Files/Unity/Hub/Editor/2021.3.19f1/Editor/Data/MonoBleedingEdge/etc'
Using monoOptions --debugger-agent=transport=dt_socket,embedding=1,server=y,suspend=n,address=127.0.0.1:56492
Begin MonoManager ReloadAssembly
Registering precompiled unity dll's ...
Register platform support module: C:/Program Files/Unity/Hub/Editor/2021.3.19f1/Editor/Data/PlaybackEngines/WebGLSupport/UnityEditor.WebGL.Extensions.dll
Register platform support module: C:/Program Files/Unity/Hub/Editor/2021.3.19f1/Editor/Data/PlaybackEngines/WindowsStandaloneSupport/UnityEditor.WindowsStandalone.Extensions.dll
Registered in 0.004803 seconds.
Native extension for WindowsStandalone target not found
Native extension for WebGL target not found
Refreshing native plugins compatible for Editor in 55.25 ms, found 3 plugins.
Preloading 0 native plugins for Editor in 0.00 ms.
Mono: successfully reloaded assembly
- Completed reload, in  0.528 seconds
Domain Reload Profiling:
	ReloadAssembly (528ms)
		BeginReloadAssembly (59ms)
			ExecutionOrderSort (0ms)
			DisableScriptedObjects (0ms)
			BackupInstance (0ms)
			ReleaseScriptingObjects (0ms)
			CreateAndSetChildDomain (1ms)
		EndReloadAssembly (375ms)
			LoadAssemblies (57ms)
			RebuildTransferFunctionScriptingTraits (0ms)
			SetupTypeCache (84ms)
			ReleaseScriptCaches (0ms)
			RebuildScriptCaches (24ms)
			SetupLoadedEditorAssemblies (226ms)
				LogAssemblyErrors (0ms)
				InitializePlatformSupportModulesInManaged (7ms)
				SetLoadedEditorAssemblies (0ms)
				RefreshPlugins (55ms)
				BeforeProcessingInitializeOnLoad (1ms)
				ProcessInitializeOnLoadAttributes (124ms)
				ProcessInitializeOnLoadMethodAttributes (39ms)
				AfterProcessingInitializeOnLoad (0ms)
				EditorAssembliesLoaded (0ms)
			ExecutionOrderSort2 (0ms)
			AwakeInstancesAfterBackupRestoration (0ms)
Platform modules already initialized, skipping
Registering precompiled user dll's ...
Registered in 0.002881 seconds.
Begin MonoManager ReloadAssembly
Symbol file LoadedFromMemory doesn't match image C:\Users\joysk\SurvivalHorrorGame\Library\PackageCache\com.unity.visualscripting@1.8.0\Editor\VisualScripting.Core\Dependencies\YamlDotNet\Unity.VisualScripting.YamlDotNet.dll
Symbol file LoadedFromMemory doesn't match image C:\Users\joysk\SurvivalHorrorGame\Library\PackageCache\com.unity.visualscripting@1.8.0\Editor\VisualScripting.Core\Dependencies\DotNetZip\Unity.VisualScripting.IonicZip.dll
Native extension for WindowsStandalone target not found
Native extension for WebGL target not found
Refreshing native plugins compatible for Editor in 0.39 ms, found 3 plugins.
Preloading 0 native plugins for Editor in 0.00 ms.
Mono: successfully reloaded assembly
- Completed reload, in  0.798 seconds
Domain Reload Profiling:
	ReloadAssembly (799ms)
		BeginReloadAssembly (90ms)
			ExecutionOrderSort (0ms)
			DisableScriptedObjects (6ms)
			BackupInstance (0ms)
			ReleaseScriptingObjects (0ms)
			CreateAndSetChildDomain (16ms)
		EndReloadAssembly (611ms)
			LoadAssemblies (60ms)
			RebuildTransferFunctionScriptingTraits (0ms)
			SetupTypeCache (218ms)
			ReleaseScriptCaches (0ms)
			RebuildScriptCaches (41ms)
			SetupLoadedEditorAssemblies (257ms)
				LogAssemblyErrors (0ms)
				InitializePlatformSupportModulesInManaged (5ms)
				SetLoadedEditorAssemblies (0ms)
				RefreshPlugins (0ms)
				BeforeProcessingInitializeOnLoad (56ms)
				ProcessInitializeOnLoadAttributes (178ms)
				ProcessInitializeOnLoadMethodAttributes (13ms)
				AfterProcessingInitializeOnLoad (4ms)
				EditorAssembliesLoaded (0ms)
			ExecutionOrderSort2 (0ms)
			AwakeInstancesAfterBackupRestoration (5ms)
Platform modules already initialized, skipping
========================================================================
Worker process is ready to serve import requests
Launched and connected shader compiler UnityShaderCompiler.exe after 0.05 seconds
Refreshing native plugins compatible for Editor in 0.54 ms, found 3 plugins.
Preloading 0 native plugins for Editor in 0.00 ms.
Unloading 3110 Unused Serialized files (Serialized files now loaded: 0)
Unloading 22 unused Assets / (56.7 KB). Loaded Objects now: 3585.
Memory consumption went from 186.0 MB to 185.9 MB.
Total: 4.397200 ms (FindLiveObjects: 0.322300 ms CreateObjectMapping: 0.170100 ms MarkObjects: 3.773400 ms  DeleteObjects: 0.129600 ms)

AssetImportParameters requested are different than current active one (requested -> active):
  custom:video-decoder-ogg-theora: a1e56fd34408186e4bbccfd4996cb3dc -> 
  custom:container-muxer-webm: aa71ff27fc2769a1b78a27578f13a17b -> 
  custom:container-demuxer-webm: 4f35f7cbe854078d1ac9338744f61a02 -> 
  custom:video-encoder-webm-vp8: eb34c28f22e8b96e1ab97ce403110664 -> 
  custom:video-codec-MediaFoundation-h265: 746d11721c4dcdbdad8f713fa42b33f4 -> 
  custom:audio-encoder-webm-vorbis: bf7c407c2cedff20999df2af8eb42d56 -> 
  custom:framework-win-MediaFoundation: 216162199b28c13a410421893ffa2e32 -> 
  custom:container-demuxer-ogg: 62fdf1f143b41e24485cea50d1cbac27 -> 
  custom:video-decoder-webm-vp8: 9c59270c3fd7afecdb556c50c9e8de78 -> 
  custom:audio-decoder-ogg-vorbis: bf7c407c2cedff20999df2af8eb42d56 -> 
========================================================================
Received Import Request.
  Time since last request: 52160.841433 seconds.
  path: Assets/Door, Cabinet and Locker Sound Pack (Free)/FREE VERSION/Call Elevator Button Lift Big Large Mechanical Noise 1.wav
  artifactKey: Guid(ccb8c34bde4eb41389aa1c83a3ab0e30) Importer(815301076,1909f56bfc062723c751e8b465ee728b)
Start importing Assets/Door, Cabinet and Locker Sound Pack (Free)/FREE VERSION/Call Elevator Button Lift Big Large Mechanical Noise 1.wav using Guid(ccb8c34bde4eb41389aa1c83a3ab0e30) Importer(815301076,1909f56bfc062723c751e8b465ee728b)  -> (artifact id: '144d42455ecea4fde605110a6b97e00d') in 0.158402 seconds 
========================================================================
Received Import Request.
  Time since last request: 0.000034 seconds.
  path: Assets/Door, Cabinet and Locker Sound Pack (Free)/FREE VERSION/Open Close Drawer Slowly 1.wav
  artifactKey: Guid(395e8df0c343347bbac89a7674e7f8ec) Importer(815301076,1909f56bfc062723c751e8b465ee728b)
Start importing Assets/Door, Cabinet and Locker Sound Pack (Free)/FREE VERSION/Open Close Drawer Slowly 1.wav using Guid(395e8df0c343347bbac89a7674e7f8ec) Importer(815301076,1909f56bfc062723c751e8b465ee728b)  -> (artifact id: '1c04d477ce42b19a0f10383aa3e29c7c') in 0.018912 seconds 
========================================================================
Received Import Request.
  Time since last request: 0.000039 seconds.
  path: Assets/Door, Cabinet and Locker Sound Pack (Free)/FREE VERSION/Close Metal Door Locker Cabinet Box 1.wav
  artifactKey: Guid(9ee2bbf3911a4448bbcbb25e6e57c892) Importer(815301076,1909f56bfc062723c751e8b465ee728b)
Start importing Assets/Door, Cabinet and Locker Sound Pack (Free)/FREE VERSION/Close Metal Door Locker Cabinet Box 1.wav using Guid(9ee2bbf3911a4448bbcbb25e6e57c892) Importer(815301076,1909f56bfc062723c751e8b465ee728b)  -> (artifact id: '174c336ee95f1a261bf17d8a69b6a2d9') in 0.017181 seconds 
========================================================================
Received Import Request.
  Time since last request: 0.000026 seconds.
  path: Assets/Door, Cabinet and Locker Sound Pack (Free)/FREE VERSION/Closing Shutter Sliding Door 1.wav
  artifactKey: Guid(62a63664aea9043ddafb1339ed6e476d) Importer(815301076,1909f56bfc062723c751e8b465ee728b)
Start importing Assets/Door, Cabinet and Locker Sound Pack (Free)/FREE VERSION/Closing Shutter Sliding Door 1.wav using Guid(62a63664aea9043ddafb1339ed6e476d) Importer(815301076,1909f56bfc062723c751e8b465ee728b)  -> (artifact id: '2cf578e7cf381351dafc04becd80d8f8') in 0.024130 seconds 
========================================================================
Received Import Request.
  Time since last request: 0.000026 seconds.
  path: Assets/Door, Cabinet and Locker Sound Pack (Free)/FREE VERSION/Open and Close Door 2.wav
  artifactKey: Guid(ba47ededc29024b38b09ca7d6d7c322a) Importer(815301076,1909f56bfc062723c751e8b465ee728b)
Start importing Assets/Door, Cabinet and Locker Sound Pack (Free)/FREE VERSION/Open and Close Door 2.wav using Guid(ba47ededc29024b38b09ca7d6d7c322a) Importer(815301076,1909f56bfc062723c751e8b465ee728b)  -> (artifact id: 'd72f79a73a11ffa0269e37160f9fed81') in 0.019782 seconds 
========================================================================
Received Import Request.
  Time since last request: 0.000028 seconds.
  path: Assets/Door, Cabinet and Locker Sound Pack (Free)/FREE VERSION/Swinging Metal Door Clang Shut 1.wav
  artifactKey: Guid(d0e9bbc92e8ca42ec81b4a5afc5ab590) Importer(815301076,1909f56bfc062723c751e8b465ee728b)
Start importing Assets/Door, Cabinet and Locker Sound Pack (Free)/FREE VERSION/Swinging Metal Door Clang Shut 1.wav using Guid(d0e9bbc92e8ca42ec81b4a5afc5ab590) Importer(815301076,1909f56bfc062723c751e8b465ee728b)  -> (artifact id: 'e79d84fd5a8fcf5d70da0604ff8ef782') in 0.019410 seconds 
========================================================================
Received Import Request.
  Time since last request: 0.000026 seconds.
  path: Assets/Door, Cabinet and Locker Sound Pack (Free)/FREE VERSION/Window Sliding Open Furniture Moving 3.wav
  artifactKey: Guid(a060384cf2636489b90324a5df9d539f) Importer(815301076,1909f56bfc062723c751e8b465ee728b)
Start importing Assets/Door, Cabinet and Locker Sound Pack (Free)/FREE VERSION/Window Sliding Open Furniture Moving 3.wav using Guid(a060384cf2636489b90324a5df9d539f) Importer(815301076,1909f56bfc062723c751e8b465ee728b)  -> (artifact id: '126573678fb68c620eda28ed3eded8cd') in 0.014758 seconds 
========================================================================
Received Import Request.
  Time since last request: 0.000034 seconds.
  path: Assets/Door, Cabinet and Locker Sound Pack (Free)/FREE VERSION/Open Close Metal Door Locker Cabinet Box 3.wav
  artifactKey: Guid(a2730fd02f17e4ea99168876aa5c6305) Importer(815301076,1909f56bfc062723c751e8b465ee728b)
Start importing Assets/Door, Cabinet and Locker Sound Pack (Free)/FREE VERSION/Open Close Metal Door Locker Cabinet Box 3.wav using Guid(a2730fd02f17e4ea99168876aa5c6305) Importer(815301076,1909f56bfc062723c751e8b465ee728b)  -> (artifact id: 'acbb8bc52d7ac019cb62cecbea8a8202') in 0.016835 seconds 
========================================================================
Received Import Request.
  Time since last request: 0.000036 seconds.
  path: Assets/Door, Cabinet and Locker Sound Pack (Free)/FREE VERSION/Close Door 16.wav
  artifactKey: Guid(b88eb643c13ba4470b51a26e2823b565) Importer(815301076,1909f56bfc062723c751e8b465ee728b)
Start importing Assets/Door, Cabinet and Locker Sound Pack (Free)/FREE VERSION/Close Door 16.wav using Guid(b88eb643c13ba4470b51a26e2823b565) Importer(815301076,1909f56bfc062723c751e8b465ee728b)  -> (artifact id: '10ecc84bb28eda9aaae46c3870cf31b7') in 0.014429 seconds 
========================================================================
Received Import Request.
  Time since last request: 0.000024 seconds.
  path: Assets/Door, Cabinet and Locker Sound Pack (Free)/FREE VERSION/Metal Clasp Open Container Door Box 1.wav
  artifactKey: Guid(2f600d94602564a99ad4dad55a4a317d) Importer(815301076,1909f56bfc062723c751e8b465ee728b)
Start importing Assets/Door, Cabinet and Locker Sound Pack (Free)/FREE VERSION/Metal Clasp Open Container Door Box 1.wav using Guid(2f600d94602564a99ad4dad55a4a317d) Importer(815301076,1909f56bfc062723c751e8b465ee728b)  -> (artifact id: '7d451745ab8b1e9b0297d70496d2c761') in 0.023365 seconds 
========================================================================
Received Import Request.
  Time since last request: 0.000031 seconds.
  path: Assets/Door, Cabinet and Locker Sound Pack (Free)/FREE VERSION/Open Push Door With Long Creak 1.wav
  artifactKey: Guid(688dc6b0efab144ef8db87692e54ca5c) Importer(815301076,1909f56bfc062723c751e8b465ee728b)
Start importing Assets/Door, Cabinet and Locker Sound Pack (Free)/FREE VERSION/Open Push Door With Long Creak 1.wav using Guid(688dc6b0efab144ef8db87692e54ca5c) Importer(815301076,1909f56bfc062723c751e8b465ee728b)  -> (artifact id: 'c698f8e72011430a6e0a9169019ad60c') in 0.013589 seconds 
========================================================================
Received Import Request.
  Time since last request: 0.000024 seconds.
  path: Assets/Door, Cabinet and Locker Sound Pack (Free)/FREE VERSION/Locked Door Turn Doorknob 3.wav
  artifactKey: Guid(ba0dd6d8b717e403ca0fa3bdebe97dad) Importer(815301076,1909f56bfc062723c751e8b465ee728b)
Start importing Assets/Door, Cabinet and Locker Sound Pack (Free)/FREE VERSION/Locked Door Turn Doorknob 3.wav using Guid(ba0dd6d8b717e403ca0fa3bdebe97dad) Importer(815301076,1909f56bfc062723c751e8b465ee728b)  -> (artifact id: 'a6c213002e048ab1b7b59a4f41701949') in 0.013701 seconds 
========================================================================
Received Import Request.
  Time since last request: 0.000031 seconds.
  path: Assets/Door, Cabinet and Locker Sound Pack (Free)/FREE VERSION/Close Latch 1.wav
  artifactKey: Guid(e51fa48d8287f43e3bf9bcf572a45998) Importer(815301076,1909f56bfc062723c751e8b465ee728b)
Start importing Assets/Door, Cabinet and Locker Sound Pack (Free)/FREE VERSION/Close Latch 1.wav using Guid(e51fa48d8287f43e3bf9bcf572a45998) Importer(815301076,1909f56bfc062723c751e8b465ee728b)  -> (artifact id: '51cbf4d1469979d96ed381160f556823') in 0.014297 seconds 
========================================================================
Received Import Request.
  Time since last request: 0.000039 seconds.
  path: Assets/Door, Cabinet and Locker Sound Pack (Free)/FREE VERSION/Closing Door With Creak Latch Shut 3.wav
  artifactKey: Guid(71338e9c0995b42569ef100ba7f3c5c7) Importer(815301076,1909f56bfc062723c751e8b465ee728b)
Start importing Assets/Door, Cabinet and Locker Sound Pack (Free)/FREE VERSION/Closing Door With Creak Latch Shut 3.wav using Guid(71338e9c0995b42569ef100ba7f3c5c7) Importer(815301076,1909f56bfc062723c751e8b465ee728b)  -> (artifact id: '08fcde22fb95e957ad2e0ea69aaa6e81') in 0.013709 seconds 
========================================================================
Received Import Request.
  Time since last request: 0.000024 seconds.
  path: Assets/Door, Cabinet and Locker Sound Pack (Free)/FREE VERSION/Close Door 12.wav
  artifactKey: Guid(04213f14ae5074a84b3c41aef6b6a00f) Importer(815301076,1909f56bfc062723c751e8b465ee728b)
Start importing Assets/Door, Cabinet and Locker Sound Pack (Free)/FREE VERSION/Close Door 12.wav using Guid(04213f14ae5074a84b3c41aef6b6a00f) Importer(815301076,1909f56bfc062723c751e8b465ee728b)  -> (artifact id: 'd5fec9ed08da903c05c483a5cffa5167') in 0.014772 seconds 
Editor requested this worker to shutdown with reason: Scaling down because of idle timeout
AssetImportWorker is now disconnected from the server
Process exiting
Exiting without the bug reporter. Application will terminate with return code 0